mode: atomic
github.com/hctsai1006/near-rt-ric/internal/config/security.go:92.52,165.32 2 0
github.com/hctsai1006/near-rt-ric/internal/config/security.go:165.32,167.17 2 0
github.com/hctsai1006/near-rt-ric/internal/config/security.go:167.17,169.4 1 0
github.com/hctsai1006/near-rt-ric/internal/config/security.go:170.3,170.29 1 0
github.com/hctsai1006/near-rt-ric/internal/config/security.go:174.2,174.36 1 0
github.com/hctsai1006/near-rt-ric/internal/config/security.go:174.36,176.17 2 0
github.com/hctsai1006/near-rt-ric/internal/config/security.go:176.17,178.4 1 0
github.com/hctsai1006/near-rt-ric/internal/config/security.go:179.3,179.33 1 0
github.com/hctsai1006/near-rt-ric/internal/config/security.go:182.2,182.20 1 0
github.com/hctsai1006/near-rt-ric/internal/config/security.go:186.50,188.55 1 0
github.com/hctsai1006/near-rt-ric/internal/config/security.go:188.55,190.3 1 0
github.com/hctsai1006/near-rt-ric/internal/config/security.go:193.2,193.19 1 0
github.com/hctsai1006/near-rt-ric/internal/config/security.go:193.19,194.50 1 0
github.com/hctsai1006/near-rt-ric/internal/config/security.go:194.50,196.4 1 0
github.com/hctsai1006/near-rt-ric/internal/config/security.go:200.2,200.37 1 0
github.com/hctsai1006/near-rt-ric/internal/config/security.go:200.37,202.3 1 0
github.com/hctsai1006/near-rt-ric/internal/config/security.go:205.2,205.40 1 0
github.com/hctsai1006/near-rt-ric/internal/config/security.go:205.40,207.3 1 0
github.com/hctsai1006/near-rt-ric/internal/config/security.go:210.2,210.32 1 0
github.com/hctsai1006/near-rt-ric/internal/config/security.go:210.32,212.3 1 0
github.com/hctsai1006/near-rt-ric/internal/config/security.go:214.2,214.12 1 0
github.com/hctsai1006/near-rt-ric/internal/config/security.go:219.55,220.42 1 0
github.com/hctsai1006/near-rt-ric/internal/config/security.go:220.42,222.3 1 0
github.com/hctsai1006/near-rt-ric/internal/config/security.go:223.2,223.21 1 0
github.com/hctsai1006/near-rt-ric/internal/config/security.go:226.62,227.42 1 0
github.com/hctsai1006/near-rt-ric/internal/config/security.go:227.42,228.58 1 0
github.com/hctsai1006/near-rt-ric/internal/config/security.go:228.58,230.4 1 0
github.com/hctsai1006/near-rt-ric/internal/config/security.go:232.2,232.21 1 0
github.com/hctsai1006/near-rt-ric/internal/config/security.go:235.59,236.42 1 0
github.com/hctsai1006/near-rt-ric/internal/config/security.go:236.42,237.53 1 0
github.com/hctsai1006/near-rt-ric/internal/config/security.go:237.53,239.4 1 0
github.com/hctsai1006/near-rt-ric/internal/config/security.go:241.2,241.21 1 0
github.com/hctsai1006/near-rt-ric/internal/config/security.go:244.84,245.42 1 0
github.com/hctsai1006/near-rt-ric/internal/config/security.go:245.42,246.59 1 0
github.com/hctsai1006/near-rt-ric/internal/config/security.go:246.59,248.4 1 0
github.com/hctsai1006/near-rt-ric/internal/config/security.go:250.2,250.21 1 0
github.com/hctsai1006/near-rt-ric/internal/config/security.go:253.77,254.42 1 0
github.com/hctsai1006/near-rt-ric/internal/config/security.go:254.42,256.3 1 0
github.com/hctsai1006/near-rt-ric/internal/config/security.go:257.2,257.21 1 0
github.com/hctsai1006/near-rt-ric/internal/config/security.go:261.52,263.44 2 0
github.com/hctsai1006/near-rt-ric/internal/config/security.go:263.44,265.3 1 0
github.com/hctsai1006/near-rt-ric/internal/config/security.go:266.2,266.54 1 0
github.com/hctsai1006/near-rt-ric/pkg/servicemodel/kpm.go:10.34,12.2 1 0
github.com/hctsai1006/near-rt-ric/pkg/servicemodel/kpm.go:15.54,18.2 2 0
github.com/hctsai1006/near-rt-ric/pkg/servicemodel/rc.go:10.32,12.2 1 0
github.com/hctsai1006/near-rt-ric/pkg/servicemodel/rc.go:15.50,18.2 2 0
github.com/hctsai1006/near-rt-ric/pkg/e2/asn1.go:17.36,21.2 1 0
github.com/hctsai1006/near-rt-ric/pkg/e2/asn1.go:104.83,106.15 2 0
github.com/hctsai1006/near-rt-ric/pkg/e2/asn1.go:106.15,108.3 1 0
github.com/hctsai1006/near-rt-ric/pkg/e2/asn1.go:111.2,115.16 3 0
github.com/hctsai1006/near-rt-ric/pkg/e2/asn1.go:115.16,117.3 1 0
github.com/hctsai1006/near-rt-ric/pkg/e2/asn1.go:118.2,121.31 2 0
github.com/hctsai1006/near-rt-ric/pkg/e2/asn1.go:121.31,123.17 2 0
github.com/hctsai1006/near-rt-ric/pkg/e2/asn1.go:123.17,125.4 1 0
github.com/hctsai1006/near-rt-ric/pkg/e2/asn1.go:126.3,126.61 1 0
github.com/hctsai1006/near-rt-ric/pkg/e2/asn1.go:130.2,141.27 3 0
github.com/hctsai1006/near-rt-ric/pkg/e2/asn1.go:145.86,147.15 2 0
github.com/hctsai1006/near-rt-ric/pkg/e2/asn1.go:147.15,149.3 1 0
github.com/hctsai1006/near-rt-ric/pkg/e2/asn1.go:152.2,156.16 3 0
github.com/hctsai1006/near-rt-ric/pkg/e2/asn1.go:156.16,158.3 1 0
github.com/hctsai1006/near-rt-ric/pkg/e2/asn1.go:159.2,173.27 4 0
github.com/hctsai1006/near-rt-ric/pkg/e2/asn1.go:177.72,179.15 2 0
github.com/hctsai1006/near-rt-ric/pkg/e2/asn1.go:179.15,181.3 1 0
github.com/hctsai1006/near-rt-ric/pkg/e2/asn1.go:183.2,185.16 3 0
github.com/hctsai1006/near-rt-ric/pkg/e2/asn1.go:185.16,187.3 1 0
github.com/hctsai1006/near-rt-ric/pkg/e2/asn1.go:189.2,189.19 1 0
github.com/hctsai1006/near-rt-ric/pkg/e2/asn1.go:189.19,191.3 1 0
github.com/hctsai1006/near-rt-ric/pkg/e2/asn1.go:193.2,193.18 1 0
github.com/hctsai1006/near-rt-ric/pkg/e2/asn1.go:198.66,200.16 2 0
github.com/hctsai1006/near-rt-ric/pkg/e2/asn1.go:200.16,202.3 1 0
github.com/hctsai1006/near-rt-ric/pkg/e2/asn1.go:203.2,203.21 1 0
github.com/hctsai1006/near-rt-ric/pkg/e2/asn1.go:206.85,210.16 2 0
github.com/hctsai1006/near-rt-ric/pkg/e2/asn1.go:210.16,212.3 1 0
github.com/hctsai1006/near-rt-ric/pkg/e2/asn1.go:213.2,213.21 1 0
github.com/hctsai1006/near-rt-ric/pkg/e2/asn1.go:216.78,220.16 2 0
github.com/hctsai1006/near-rt-ric/pkg/e2/asn1.go:220.16,222.3 1 0
github.com/hctsai1006/near-rt-ric/pkg/e2/asn1.go:223.2,223.21 1 0
github.com/hctsai1006/near-rt-ric/pkg/e2/asn1.go:226.85,230.16 2 0
github.com/hctsai1006/near-rt-ric/pkg/e2/asn1.go:230.16,232.3 1 0
github.com/hctsai1006/near-rt-ric/pkg/e2/asn1.go:233.2,233.21 1 0
github.com/hctsai1006/near-rt-ric/pkg/e2/e2ap.go:46.92,64.2 4 0
github.com/hctsai1006/near-rt-ric/pkg/e2/e2ap.go:67.88,76.16 4 0
github.com/hctsai1006/near-rt-ric/pkg/e2/e2ap.go:76.16,79.3 2 0
github.com/hctsai1006/near-rt-ric/pkg/e2/e2ap.go:82.2,82.93 1 0
github.com/hctsai1006/near-rt-ric/pkg/e2/e2ap.go:82.93,85.3 2 0
github.com/hctsai1006/near-rt-ric/pkg/e2/e2ap.go:88.2,117.48 3 0
github.com/hctsai1006/near-rt-ric/pkg/e2/e2ap.go:117.48,124.3 1 0
github.com/hctsai1006/near-rt-ric/pkg/e2/e2ap.go:126.2,144.16 4 0
github.com/hctsai1006/near-rt-ric/pkg/e2/e2ap.go:144.16,147.3 2 0
github.com/hctsai1006/near-rt-ric/pkg/e2/e2ap.go:150.2,150.71 1 0
github.com/hctsai1006/near-rt-ric/pkg/e2/e2ap.go:150.71,153.3 2 0
github.com/hctsai1006/near-rt-ric/pkg/e2/e2ap.go:156.2,166.12 5 0
github.com/hctsai1006/near-rt-ric/pkg/e2/e2ap.go:170.93,179.16 4 0
github.com/hctsai1006/near-rt-ric/pkg/e2/e2ap.go:179.16,182.3 2 0
github.com/hctsai1006/near-rt-ric/pkg/e2/e2ap.go:185.2,185.101 1 0
github.com/hctsai1006/near-rt-ric/pkg/e2/e2ap.go:185.101,188.3 2 0
github.com/hctsai1006/near-rt-ric/pkg/e2/e2ap.go:191.2,224.12 5 0
github.com/hctsai1006/near-rt-ric/pkg/e2/e2ap.go:228.87,237.16 4 0
github.com/hctsai1006/near-rt-ric/pkg/e2/e2ap.go:237.16,240.3 2 0
github.com/hctsai1006/near-rt-ric/pkg/e2/e2ap.go:243.2,243.92 1 0
github.com/hctsai1006/near-rt-ric/pkg/e2/e2ap.go:243.92,246.3 2 0
github.com/hctsai1006/near-rt-ric/pkg/e2/e2ap.go:249.2,254.12 2 0
github.com/hctsai1006/near-rt-ric/pkg/e2/e2ap.go:259.104,267.2 2 0
github.com/hctsai1006/near-rt-ric/pkg/e2/e2ap.go:269.109,277.2 2 0
github.com/hctsai1006/near-rt-ric/pkg/e2/e2ap.go:279.54,282.29 3 0
github.com/hctsai1006/near-rt-ric/pkg/e2/e2ap.go:282.29,284.3 1 0
github.com/hctsai1006/near-rt-ric/pkg/e2/e2ap.go:285.2,285.11 1 0
github.com/hctsai1006/near-rt-ric/pkg/e2/e2ap.go:288.53,292.6 3 0
github.com/hctsai1006/near-rt-ric/pkg/e2/e2ap.go:292.6,293.10 1 0
github.com/hctsai1006/near-rt-ric/pkg/e2/e2ap.go:294.23,295.10 1 0
github.com/hctsai1006/near-rt-ric/pkg/e2/e2ap.go:296.19,298.40 2 0
github.com/hctsai1006/near-rt-ric/pkg/e2/e2ap.go:298.40,299.45 1 0
github.com/hctsai1006/near-rt-ric/pkg/e2/e2ap.go:299.45,303.6 3 0
github.com/hctsai1006/near-rt-ric/pkg/e2/e2ap.go:310.35,313.2 2 0
github.com/hctsai1006/near-rt-ric/pkg/e2/interface.go:24.61,62.2 9 0
github.com/hctsai1006/near-rt-ric/pkg/e2/interface.go:65.38,66.16 1 0
github.com/hctsai1006/near-rt-ric/pkg/e2/interface.go:66.16,68.3 1 0
github.com/hctsai1006/near-rt-ric/pkg/e2/interface.go:70.2,77.48 2 0
github.com/hctsai1006/near-rt-ric/pkg/e2/interface.go:77.48,79.3 1 0
github.com/hctsai1006/near-rt-ric/pkg/e2/interface.go:82.2,87.12 4 0
github.com/hctsai1006/near-rt-ric/pkg/e2/interface.go:91.37,92.17 1 0
github.com/hctsai1006/near-rt-ric/pkg/e2/interface.go:92.17,94.3 1 0
github.com/hctsai1006/near-rt-ric/pkg/e2/interface.go:96.2,102.47 3 0
github.com/hctsai1006/near-rt-ric/pkg/e2/interface.go:102.47,104.3 1 0
github.com/hctsai1006/near-rt-ric/pkg/e2/interface.go:107.2,115.12 5 0
github.com/hctsai1006/near-rt-ric/pkg/e2/interface.go:119.59,130.2 2 0
github.com/hctsai1006/near-rt-ric/pkg/e2/interface.go:133.54,135.2 1 0
github.com/hctsai1006/near-rt-ric/pkg/e2/interface.go:138.64,140.2 1 0
github.com/hctsai1006/near-rt-ric/pkg/e2/interface.go:143.56,145.2 1 0
github.com/hctsai1006/near-rt-ric/pkg/e2/interface.go:148.69,150.2 1 0
github.com/hctsai1006/near-rt-ric/pkg/e2/interface.go:153.65,155.2 1 0
github.com/hctsai1006/near-rt-ric/pkg/e2/interface.go:158.60,160.62 1 0
github.com/hctsai1006/near-rt-ric/pkg/e2/interface.go:160.62,162.3 1 0
github.com/hctsai1006/near-rt-ric/pkg/e2/interface.go:165.2,165.58 1 0
github.com/hctsai1006/near-rt-ric/pkg/e2/interface.go:165.58,168.3 2 0
github.com/hctsai1006/near-rt-ric/pkg/e2/interface.go:170.2,170.12 1 0
github.com/hctsai1006/near-rt-ric/pkg/e2/interface.go:174.86,176.2 1 0
github.com/hctsai1006/near-rt-ric/pkg/e2/interface.go:179.91,181.2 1 0
github.com/hctsai1006/near-rt-ric/pkg/e2/interface.go:184.85,186.2 1 0
github.com/hctsai1006/near-rt-ric/pkg/e2/interface.go:190.80,199.63 3 0
github.com/hctsai1006/near-rt-ric/pkg/e2/interface.go:199.63,201.3 1 0
github.com/hctsai1006/near-rt-ric/pkg/e2/interface.go:204.2,205.16 2 0
github.com/hctsai1006/near-rt-ric/pkg/e2/interface.go:205.16,208.3 2 0
github.com/hctsai1006/near-rt-ric/pkg/e2/interface.go:211.2,211.34 1 0
github.com/hctsai1006/near-rt-ric/pkg/e2/interface.go:211.34,212.46 1 0
github.com/hctsai1006/near-rt-ric/pkg/e2/interface.go:213.25,214.47 1 0
github.com/hctsai1006/near-rt-ric/pkg/e2/interface.go:215.33,216.52 1 0
github.com/hctsai1006/near-rt-ric/pkg/e2/interface.go:217.24,218.43 1 0
github.com/hctsai1006/near-rt-ric/pkg/e2/interface.go:219.11,224.87 2 0
github.com/hctsai1006/near-rt-ric/pkg/e2/interface.go:226.8,229.3 1 0
github.com/hctsai1006/near-rt-ric/pkg/e2/interface.go:231.2,237.12 2 0
github.com/hctsai1006/near-rt-ric/pkg/e2/interface.go:240.40,244.6 3 0
github.com/hctsai1006/near-rt-ric/pkg/e2/interface.go:244.6,245.10 1 0
github.com/hctsai1006/near-rt-ric/pkg/e2/interface.go:246.24,247.10 1 0
github.com/hctsai1006/near-rt-ric/pkg/e2/interface.go:248.19,249.27 1 0
github.com/hctsai1006/near-rt-ric/pkg/e2/interface.go:254.45,269.32 6 0
github.com/hctsai1006/near-rt-ric/pkg/e2/interface.go:269.32,270.43 1 0
github.com/hctsai1006/near-rt-ric/pkg/e2/interface.go:270.43,272.4 1 0
github.com/hctsai1006/near-rt-ric/pkg/e2/interface.go:275.2,275.20 1 0
github.com/hctsai1006/near-rt-ric/pkg/e2/interface.go:275.20,277.3 1 0
github.com/hctsai1006/near-rt-ric/pkg/e2/interface.go:281.52,289.2 1 0
github.com/hctsai1006/near-rt-ric/pkg/e2/node.go:47.65,69.2 6 0
github.com/hctsai1006/near-rt-ric/pkg/e2/node.go:72.52,77.32 3 0
github.com/hctsai1006/near-rt-ric/pkg/e2/node.go:77.32,79.3 1 0
github.com/hctsai1006/near-rt-ric/pkg/e2/node.go:82.2,82.46 1 0
github.com/hctsai1006/near-rt-ric/pkg/e2/node.go:82.46,84.3 1 0
github.com/hctsai1006/near-rt-ric/pkg/e2/node.go:87.2,87.43 1 0
github.com/hctsai1006/near-rt-ric/pkg/e2/node.go:87.43,89.3 1 0
github.com/hctsai1006/near-rt-ric/pkg/e2/node.go:92.2,108.12 6 0
github.com/hctsai1006/near-rt-ric/pkg/e2/node.go:112.77,117.13 4 0
github.com/hctsai1006/near-rt-ric/pkg/e2/node.go:117.13,119.3 1 0
github.com/hctsai1006/near-rt-ric/pkg/e2/node.go:122.2,137.12 10 0
github.com/hctsai1006/near-rt-ric/pkg/e2/node.go:141.57,146.13 4 0
github.com/hctsai1006/near-rt-ric/pkg/e2/node.go:146.13,148.3 1 0
github.com/hctsai1006/near-rt-ric/pkg/e2/node.go:150.2,160.12 4 0
github.com/hctsai1006/near-rt-ric/pkg/e2/node.go:164.65,169.13 4 0
github.com/hctsai1006/near-rt-ric/pkg/e2/node.go:169.13,171.3 1 0
github.com/hctsai1006/near-rt-ric/pkg/e2/node.go:174.2,175.23 2 0
github.com/hctsai1006/near-rt-ric/pkg/e2/node.go:179.58,185.32 4 0
github.com/hctsai1006/near-rt-ric/pkg/e2/node.go:185.32,188.3 2 0
github.com/hctsai1006/near-rt-ric/pkg/e2/node.go:190.2,190.18 1 0
github.com/hctsai1006/near-rt-ric/pkg/e2/node.go:194.71,199.31 4 0
github.com/hctsai1006/near-rt-ric/pkg/e2/node.go:199.31,200.28 1 0
github.com/hctsai1006/near-rt-ric/pkg/e2/node.go:200.28,203.4 2 0
github.com/hctsai1006/near-rt-ric/pkg/e2/node.go:206.2,206.14 1 0
github.com/hctsai1006/near-rt-ric/pkg/e2/node.go:210.57,215.31 4 0
github.com/hctsai1006/near-rt-ric/pkg/e2/node.go:215.31,216.49 1 0
github.com/hctsai1006/near-rt-ric/pkg/e2/node.go:216.49,219.4 2 0
github.com/hctsai1006/near-rt-ric/pkg/e2/node.go:222.2,222.14 1 0
github.com/hctsai1006/near-rt-ric/pkg/e2/node.go:226.68,238.31 8 0
github.com/hctsai1006/near-rt-ric/pkg/e2/node.go:238.31,241.49 3 0
github.com/hctsai1006/near-rt-ric/pkg/e2/node.go:241.49,243.4 1 0
github.com/hctsai1006/near-rt-ric/pkg/e2/node.go:246.2,252.14 6 0
github.com/hctsai1006/near-rt-ric/pkg/e2/node.go:256.62,261.13 4 0
github.com/hctsai1006/near-rt-ric/pkg/e2/node.go:261.13,263.3 1 0
github.com/hctsai1006/near-rt-ric/pkg/e2/node.go:265.2,266.12 2 0
github.com/hctsai1006/near-rt-ric/pkg/e2/node.go:271.58,272.19 1 0
github.com/hctsai1006/near-rt-ric/pkg/e2/node.go:272.19,274.3 1 0
github.com/hctsai1006/near-rt-ric/pkg/e2/node.go:276.2,276.33 1 0
github.com/hctsai1006/near-rt-ric/pkg/e2/node.go:276.33,278.3 1 0
github.com/hctsai1006/near-rt-ric/pkg/e2/node.go:280.2,280.36 1 0
github.com/hctsai1006/near-rt-ric/pkg/e2/node.go:280.36,282.3 1 0
github.com/hctsai1006/near-rt-ric/pkg/e2/node.go:284.2,284.41 1 0
github.com/hctsai1006/near-rt-ric/pkg/e2/node.go:284.41,286.3 1 0
github.com/hctsai1006/near-rt-ric/pkg/e2/node.go:288.2,288.12 1 0
github.com/hctsai1006/near-rt-ric/pkg/e2/node.go:291.101,299.9 2 0
github.com/hctsai1006/near-rt-ric/pkg/e2/node.go:300.34,300.34 0 0
github.com/hctsai1006/near-rt-ric/pkg/e2/node.go:301.10,302.61 1 0
github.com/hctsai1006/near-rt-ric/pkg/e2/node.go:306.44,307.6 1 0
github.com/hctsai1006/near-rt-ric/pkg/e2/node.go:307.6,308.10 1 0
github.com/hctsai1006/near-rt-ric/pkg/e2/node.go:309.23,310.10 1 0
github.com/hctsai1006/near-rt-ric/pkg/e2/node.go:311.30,312.23 1 0
github.com/hctsai1006/near-rt-ric/pkg/e2/node.go:317.43,322.36 4 0
github.com/hctsai1006/near-rt-ric/pkg/e2/node.go:322.36,323.49 1 0
github.com/hctsai1006/near-rt-ric/pkg/e2/node.go:323.49,325.48 2 0
github.com/hctsai1006/near-rt-ric/pkg/e2/node.go:325.48,333.5 3 0
github.com/hctsai1006/near-rt-ric/pkg/e2/node.go:338.46,339.6 1 0
github.com/hctsai1006/near-rt-ric/pkg/e2/node.go:339.6,340.10 1 0
github.com/hctsai1006/near-rt-ric/pkg/e2/node.go:341.23,342.10 1 0
github.com/hctsai1006/near-rt-ric/pkg/e2/node.go:343.37,344.30 1 0
github.com/hctsai1006/near-rt-ric/pkg/e2/node.go:349.61,361.2 1 0
github.com/hctsai1006/near-rt-ric/pkg/e2/node.go:364.35,366.30 2 0
github.com/hctsai1006/near-rt-ric/pkg/e2/node.go:366.30,368.3 1 0
github.com/hctsai1006/near-rt-ric/pkg/e2/node.go:369.2,370.52 2 0
github.com/hctsai1006/near-rt-ric/pkg/e2/sctp.go:53.54,68.2 2 0
github.com/hctsai1006/near-rt-ric/pkg/e2/sctp.go:71.89,73.2 1 0
github.com/hctsai1006/near-rt-ric/pkg/e2/sctp.go:76.38,86.16 4 0
github.com/hctsai1006/near-rt-ric/pkg/e2/sctp.go:86.16,88.3 1 0
github.com/hctsai1006/near-rt-ric/pkg/e2/sctp.go:89.2,95.12 4 0
github.com/hctsai1006/near-rt-ric/pkg/e2/sctp.go:99.71,104.69 3 0
github.com/hctsai1006/near-rt-ric/pkg/e2/sctp.go:104.69,107.3 2 0
github.com/hctsai1006/near-rt-ric/pkg/e2/sctp.go:109.2,121.16 4 0
github.com/hctsai1006/near-rt-ric/pkg/e2/sctp.go:121.16,123.3 1 0
github.com/hctsai1006/near-rt-ric/pkg/e2/sctp.go:126.2,142.12 5 0
github.com/hctsai1006/near-rt-ric/pkg/e2/sctp.go:146.68,151.32 4 0
github.com/hctsai1006/near-rt-ric/pkg/e2/sctp.go:151.32,153.3 1 0
github.com/hctsai1006/near-rt-ric/pkg/e2/sctp.go:155.2,161.24 4 0
github.com/hctsai1006/near-rt-ric/pkg/e2/sctp.go:161.24,163.3 1 0
github.com/hctsai1006/near-rt-ric/pkg/e2/sctp.go:166.2,167.16 2 0
github.com/hctsai1006/near-rt-ric/pkg/e2/sctp.go:167.16,170.3 2 0
github.com/hctsai1006/near-rt-ric/pkg/e2/sctp.go:172.2,180.12 3 0
github.com/hctsai1006/near-rt-ric/pkg/e2/sctp.go:184.64,187.37 3 0
github.com/hctsai1006/near-rt-ric/pkg/e2/sctp.go:187.37,188.21 1 0
github.com/hctsai1006/near-rt-ric/pkg/e2/sctp.go:188.21,190.4 1 0
github.com/hctsai1006/near-rt-ric/pkg/e2/sctp.go:192.2,195.35 3 0
github.com/hctsai1006/near-rt-ric/pkg/e2/sctp.go:195.35,196.57 1 0
github.com/hctsai1006/near-rt-ric/pkg/e2/sctp.go:196.57,198.4 1 0
github.com/hctsai1006/near-rt-ric/pkg/e2/sctp.go:201.2,207.15 2 0
github.com/hctsai1006/near-rt-ric/pkg/e2/sctp.go:211.59,216.13 4 0
github.com/hctsai1006/near-rt-ric/pkg/e2/sctp.go:216.13,218.3 1 0
github.com/hctsai1006/near-rt-ric/pkg/e2/sctp.go:221.2,222.22 2 0
github.com/hctsai1006/near-rt-ric/pkg/e2/sctp.go:222.22,224.3 1 0
github.com/hctsai1006/near-rt-ric/pkg/e2/sctp.go:225.2,232.12 5 0
github.com/hctsai1006/near-rt-ric/pkg/e2/sctp.go:236.61,241.42 4 0
github.com/hctsai1006/near-rt-ric/pkg/e2/sctp.go:241.42,243.3 1 0
github.com/hctsai1006/near-rt-ric/pkg/e2/sctp.go:245.2,245.15 1 0
github.com/hctsai1006/near-rt-ric/pkg/e2/sctp.go:249.72,258.37 4 0
github.com/hctsai1006/near-rt-ric/pkg/e2/sctp.go:258.37,259.21 1 0
github.com/hctsai1006/near-rt-ric/pkg/e2/sctp.go:259.21,261.4 1 0
github.com/hctsai1006/near-rt-ric/pkg/e2/sctp.go:264.2,264.14 1 0
github.com/hctsai1006/near-rt-ric/pkg/e2/sctp.go:269.43,270.6 1 0
github.com/hctsai1006/near-rt-ric/pkg/e2/sctp.go:270.6,271.10 1 0
github.com/hctsai1006/near-rt-ric/pkg/e2/sctp.go:272.23,273.10 1 0
github.com/hctsai1006/near-rt-ric/pkg/e2/sctp.go:274.11,276.18 2 0
github.com/hctsai1006/near-rt-ric/pkg/e2/sctp.go:276.18,278.13 2 0
github.com/hctsai1006/near-rt-ric/pkg/e2/sctp.go:282.4,282.39 1 0
github.com/hctsai1006/near-rt-ric/pkg/e2/sctp.go:287.63,310.2 8 0
github.com/hctsai1006/near-rt-ric/pkg/e2/sctp.go:312.62,317.6 3 0
github.com/hctsai1006/near-rt-ric/pkg/e2/sctp.go:317.6,318.10 1 0
github.com/hctsai1006/near-rt-ric/pkg/e2/sctp.go:319.23,320.10 1 0
github.com/hctsai1006/near-rt-ric/pkg/e2/sctp.go:321.11,323.25 1 0
github.com/hctsai1006/near-rt-ric/pkg/e2/sctp.go:323.25,325.5 1 0
github.com/hctsai1006/near-rt-ric/pkg/e2/sctp.go:327.4,328.18 2 0
github.com/hctsai1006/near-rt-ric/pkg/e2/sctp.go:328.18,332.5 3 0
github.com/hctsai1006/near-rt-ric/pkg/e2/sctp.go:334.4,334.13 1 0
github.com/hctsai1006/near-rt-ric/pkg/e2/sctp.go:334.13,340.32 4 0
github.com/hctsai1006/near-rt-ric/pkg/e2/sctp.go:340.32,341.70 1 0
github.com/hctsai1006/near-rt-ric/pkg/e2/sctp.go:341.70,343.7 1 0
github.com/hctsai1006/near-rt-ric/pkg/e2/sctp.go:351.37,358.23 3 0
github.com/hctsai1006/near-rt-ric/pkg/e2/sctp.go:358.23,360.3 1 0
github.com/hctsai1006/near-rt-ric/pkg/e2/sctp.go:363.2,364.36 2 0
github.com/hctsai1006/near-rt-ric/pkg/e2/sctp.go:364.36,366.3 1 0
github.com/hctsai1006/near-rt-ric/pkg/e2/sctp.go:367.2,370.12 3 0
