mode: set
github.com/kubernetes/dashboard/src/app/backend/dashboard.go:74.13,85.42 6 0
github.com/kubernetes/dashboard/src/app/backend/dashboard.go:85.42,87.3 1 0
github.com/kubernetes/dashboard/src/app/backend/dashboard.go:88.2,88.43 1 0
github.com/kubernetes/dashboard/src/app/backend/dashboard.go:88.43,90.3 1 0
github.com/kubernetes/dashboard/src/app/backend/dashboard.go:91.2,91.38 1 0
github.com/kubernetes/dashboard/src/app/backend/dashboard.go:91.38,93.3 1 0
github.com/kubernetes/dashboard/src/app/backend/dashboard.go:95.2,97.16 3 0
github.com/kubernetes/dashboard/src/app/backend/dashboard.go:97.16,99.3 1 0
github.com/kubernetes/dashboard/src/app/backend/dashboard.go:101.2,116.78 6 0
github.com/kubernetes/dashboard/src/app/backend/dashboard.go:117.17,119.113 1 0
github.com/kubernetes/dashboard/src/app/backend/dashboard.go:120.18,122.114 1 0
github.com/kubernetes/dashboard/src/app/backend/dashboard.go:123.14,124.69 1 0
github.com/kubernetes/dashboard/src/app/backend/dashboard.go:125.10,129.113 3 0
github.com/kubernetes/dashboard/src/app/backend/dashboard.go:132.2,138.16 2 0
github.com/kubernetes/dashboard/src/app/backend/dashboard.go:138.16,140.3 1 0
github.com/kubernetes/dashboard/src/app/backend/dashboard.go:142.2,143.47 2 0
github.com/kubernetes/dashboard/src/app/backend/dashboard.go:143.47,148.17 5 0
github.com/kubernetes/dashboard/src/app/backend/dashboard.go:148.17,150.4 1 0
github.com/kubernetes/dashboard/src/app/backend/dashboard.go:151.3,151.48 1 0
github.com/kubernetes/dashboard/src/app/backend/dashboard.go:152.8,152.78 1 0
github.com/kubernetes/dashboard/src/app/backend/dashboard.go:152.78,156.17 4 0
github.com/kubernetes/dashboard/src/app/backend/dashboard.go:156.17,158.4 1 0
github.com/kubernetes/dashboard/src/app/backend/dashboard.go:159.3,159.48 1 0
github.com/kubernetes/dashboard/src/app/backend/dashboard.go:163.2,170.25 6 0
github.com/kubernetes/dashboard/src/app/backend/dashboard.go:170.25,181.13 4 0
github.com/kubernetes/dashboard/src/app/backend/dashboard.go:181.13,181.60 1 0
github.com/kubernetes/dashboard/src/app/backend/dashboard.go:182.8,185.13 3 0
github.com/kubernetes/dashboard/src/app/backend/dashboard.go:185.13,185.58 1 0
github.com/kubernetes/dashboard/src/app/backend/dashboard.go:187.2,187.9 1 0
github.com/kubernetes/dashboard/src/app/backend/dashboard.go:190.81,204.41 8 0
github.com/kubernetes/dashboard/src/app/backend/dashboard.go:204.41,206.3 1 0
github.com/kubernetes/dashboard/src/app/backend/dashboard.go:209.2,211.25 3 0
github.com/kubernetes/dashboard/src/app/backend/dashboard.go:211.25,213.3 1 0
github.com/kubernetes/dashboard/src/app/backend/dashboard.go:216.2,218.93 2 0
github.com/kubernetes/dashboard/src/app/backend/dashboard.go:221.22,247.2 25 1
github.com/kubernetes/dashboard/src/app/backend/dashboard.go:253.38,260.2 1 0
github.com/kubernetes/dashboard/src/app/backend/dashboard.go:265.49,267.2 1 0
github.com/kubernetes/dashboard/src/app/backend/dashboard.go:272.42,274.17 2 1
github.com/kubernetes/dashboard/src/app/backend/dashboard.go:274.17,276.3 1 1
github.com/kubernetes/dashboard/src/app/backend/dashboard.go:277.2,277.14 1 1
